===================================================
Begin TASK Prologue Thu Apr 16 09:40:36 AM EDT 2026
===================================================
Job ID:           33391
Username:         tuu61186
Group:            icms
Job Name:         s00_psi
Resources List:   nodes=1:ppn=8:ntasks=1
Queue:            normal
Account:          default
Nodes:      c01
===================================================
End TASK Prologue Thu Apr 16 09:40:36 AM EDT 2026
===================================================
Running s00_psi.com
Job ID: 33391
Node: c01
CPUs: 8
Start: Thu Apr 16 09:40:36 AM EDT 2026

starting g09 C01 job 's00_psi' from 

submitting job to queue 'normal'
working directory is set to '/home/tuu61186/openff/Bioinfo'
sending output to '/home/tuu61186/openff/Bioinfo/s00_psi.log'
nice is set to 19

