===================================================
Begin TASK Prologue Fri Apr 10 12:55:05 PM EDT 2026
===================================================
Job ID:           33276
Username:         tuu61186
Group:            icms
Job Name:         s06phi_psi
Resources List:   nodes=1:ppn=8:ntasks=1
Queue:            normal
Account:          default
Nodes:      c01
===================================================
End TASK Prologue Fri Apr 10 12:55:05 PM EDT 2026
===================================================
Running s06phi_psi.com
Job ID: 33276
Node: c01
CPUs: 8
Start: Fri Apr 10 12:55:06 PM EDT 2026

starting g09 C01 job 's06phi_psi' from 

submitting job to queue 'normal'
working directory is set to '/home/tuu61186/openff/Bioinfo'
sending output to '/home/tuu61186/openff/Bioinfo/s06phi_psi.log'
nice is set to 19

