===================================================
Begin TASK Prologue Thu Apr  9 05:03:37 PM EDT 2026
===================================================
Job ID:           33262
Username:         tuu61186
Group:            icms
Job Name:         s06phi
Resources List:   nodes=1:ppn=8:ntasks=1
Queue:            normal
Account:          default
Nodes:      c01
===================================================
End TASK Prologue Thu Apr  9 05:03:37 PM EDT 2026
===================================================
Running s06phi.com
Job ID: 33262
Node: c01
CPUs: 8
Start: Thu Apr  9 05:03:37 PM EDT 2026

starting g09 C01 job 's06phi' from 

submitting job to queue 'normal'
working directory is set to '/home/tuu61186/openff/Bioinfo'
sending output to '/home/tuu61186/openff/Bioinfo/s06phi.log'
nice is set to 19

