===================================================
Begin TASK Prologue Tue Apr 14 09:42:09 PM EDT 2026
===================================================
Job ID:           33372
Username:         tuu61186
Group:            icms
Job Name:         HCl_RHF
Resources List:   nodes=1:ppn=4:ntasks=1
Queue:            normal
Account:          default
Nodes:      c01
===================================================
End TASK Prologue Tue Apr 14 09:42:09 PM EDT 2026
===================================================
Running HCl_RHF.com
Job ID: 33372
Node: c01
CPUs: 4
Start: Tue Apr 14 09:42:15 PM EDT 2026

starting g09 C01 job 'HCl_RHF' from 

submitting job to queue 'normal'
working directory is set to '/home/tuu61186/openff'
sending output to '/home/tuu61186/openff/HCl_RHF.log'
nice is set to 19

job /home/tuu61186/openff/HCl_RHF finished with exit status 0

cleaning up in /tmp/g09-tuu61186-13418330988ea13b8x

removed directory '/tmp/g09-tuu61186-13418330988ea13b8x'
End: Tue Apr 14 09:42:37 PM EDT 2026
===================================================
Begin TASK Epilogue Tue Apr 14 09:42:37 PM EDT 2026
===================================================
Job ID:           33372
Username:         tuu61186
Job Name:         HCl_RHF
Resources List:   nodes=1:ppn=4:ntasks=1
Queue:            normal
Account:          default
Nodes:      c01
===================================================
End TASK Epilogue Tue Apr 14 09:42:37 PM EDT 2026
===================================================
