===================================================
Begin TASK Prologue Tue Apr 14 09:42:09 PM EDT 2026
===================================================
Job ID:           33373
Username:         tuu61186
Group:            icms
Job Name:         HCl_SVWN
Resources List:   nodes=1:ppn=4:ntasks=1
Queue:            normal
Account:          default
Nodes:      c01
===================================================
End TASK Prologue Tue Apr 14 09:42:09 PM EDT 2026
===================================================
Running HCl_SVWN.com
Job ID: 33373
Node: c01
CPUs: 4
Start: Tue Apr 14 09:42:09 PM EDT 2026

starting g09 C01 job 'HCl_SVWN' from 

submitting job to queue 'normal'
working directory is set to '/home/tuu61186/openff'
sending output to '/home/tuu61186/openff/HCl_SVWN.log'
nice is set to 19

job /home/tuu61186/openff/HCl_SVWN finished with exit status 0

cleaning up in /tmp/g09-tuu61186-1341588fea2dfb32ex

removed directory '/tmp/g09-tuu61186-1341588fea2dfb32ex'
End: Tue Apr 14 09:42:29 PM EDT 2026
===================================================
Begin TASK Epilogue Tue Apr 14 09:42:29 PM EDT 2026
===================================================
Job ID:           33373
Username:         tuu61186
Job Name:         HCl_SVWN
Resources List:   nodes=1:ppn=4:ntasks=1
Queue:            normal
Account:          default
Nodes:      c01
===================================================
End TASK Epilogue Tue Apr 14 09:42:29 PM EDT 2026
===================================================
