===================================================
Begin TASK Prologue Fri Apr 24 12:22:10 PM EDT 2026
===================================================
Job ID:           33712
Username:         tuu61186
Group:            icms
Job Name:         pmp_2d_12
Resources List:   nodes=1:ppn=8:ntasks=1
Queue:            normal
Account:          default
Nodes:      c01
===================================================
End TASK Prologue Fri Apr 24 12:22:10 PM EDT 2026
===================================================
Running pmp_2d_12.com
Job ID: 33712
Node: c01
CPUs: 8
Start: Fri Apr 24 12:22:10 PM EDT 2026

starting g09 C01 job 'pmp_2d_12' from 

submitting job to queue 'normal'
working directory is set to '/home/tuu61186/openff/Bioinfo/pmp_2D'
sending output to '/home/tuu61186/openff/Bioinfo/pmp_2D/pmp_2d_12.log'
nice is set to 19

job /home/tuu61186/openff/Bioinfo/pmp_2D/pmp_2d_12 finished with exit status 0

cleaning up in /tmp/g09-tuu61186-3073249c21e64fea8x

removed directory '/tmp/g09-tuu61186-3073249c21e64fea8x'
End: Fri Apr 24 02:42:21 PM EDT 2026
===================================================
Begin TASK Epilogue Fri Apr 24 02:42:21 PM EDT 2026
===================================================
Job ID:           33712
Username:         tuu61186
Job Name:         pmp_2d_12
Resources List:   nodes=1:ppn=8:ntasks=1
Queue:            normal
Account:          default
Nodes:      c01
===================================================
End TASK Epilogue Fri Apr 24 02:42:21 PM EDT 2026
===================================================
