===================================================
Begin TASK Prologue Fri Apr 24 12:22:10 PM EDT 2026
===================================================
Job ID:           33722
Username:         tuu61186
Group:            icms
Job Name:         pmp_2d_21
Resources List:   nodes=1:ppn=8:ntasks=1
Queue:            normal
Account:          default
Nodes:      c10
===================================================
End TASK Prologue Fri Apr 24 12:22:10 PM EDT 2026
===================================================
Running pmp_2d_21.com
Job ID: 33722
Node: c10
CPUs: 8
Start: Fri Apr 24 12:22:10 PM EDT 2026

starting g09 C01 job 'pmp_2d_21' from 

submitting job to queue 'normal'
working directory is set to '/home/tuu61186/openff/Bioinfo/pmp_2D'
sending output to '/home/tuu61186/openff/Bioinfo/pmp_2D/pmp_2d_21.log'
nice is set to 19

