===================================================
Begin TASK Prologue Thu Apr 23 09:58:11 PM EDT 2026
===================================================
Job ID:           33632
Username:         tuu61186
Group:            icms
Job Name:         sar_2d_10
Resources List:   nodes=1:ppn=8:ntasks=1
Queue:            normal
Account:          default
Nodes:      c01
===================================================
End TASK Prologue Thu Apr 23 09:58:11 PM EDT 2026
===================================================
Running sar_2d_10.com
Job ID: 33632
Node: c01
CPUs: 8
Start: Thu Apr 23 09:58:11 PM EDT 2026

starting g09 C01 job 'sar_2d_10' from 

submitting job to queue 'normal'
working directory is set to '/home/tuu61186/openff/Bioinfo/sar_2D'
sending output to '/home/tuu61186/openff/Bioinfo/sar_2D/sar_2d_10.log'
nice is set to 19

job /home/tuu61186/openff/Bioinfo/sar_2D/sar_2d_10 finished with exit status 0

cleaning up in /tmp/g09-tuu61186-275669394aa22ee0cx

removed directory '/tmp/g09-tuu61186-275669394aa22ee0cx'
End: Thu Apr 23 11:29:56 PM EDT 2026
===================================================
Begin TASK Epilogue Thu Apr 23 11:29:56 PM EDT 2026
===================================================
Job ID:           33632
Username:         tuu61186
Job Name:         sar_2d_10
Resources List:   nodes=1:ppn=8:ntasks=1
Queue:            normal
Account:          default
Nodes:      c01
===================================================
End TASK Epilogue Thu Apr 23 11:29:56 PM EDT 2026
===================================================
