===================================================
Begin TASK Prologue Thu Apr 23 09:58:11 PM EDT 2026
===================================================
Job ID:           33663
Username:         tuu61186
Group:            icms
Job Name:         sar_2d_4
Resources List:   nodes=1:ppn=8:ntasks=1
Queue:            normal
Account:          default
Nodes:      c12
===================================================
End TASK Prologue Thu Apr 23 09:58:11 PM EDT 2026
===================================================
Running sar_2d_4.com
Job ID: 33663
Node: c12
CPUs: 8
Start: Thu Apr 23 09:58:11 PM EDT 2026

starting g09 C01 job 'sar_2d_4' from 

submitting job to queue 'normal'
working directory is set to '/home/tuu61186/openff/Bioinfo/sar_2D'
sending output to '/home/tuu61186/openff/Bioinfo/sar_2D/sar_2d_4.log'
nice is set to 19

job /home/tuu61186/openff/Bioinfo/sar_2D/sar_2d_4 finished with exit status 0

cleaning up in /tmp/g09-tuu61186-84821794aa22ee0cx

removed directory '/tmp/g09-tuu61186-84821794aa22ee0cx'
End: Thu Apr 23 10:47:27 PM EDT 2026
===================================================
Begin TASK Epilogue Thu Apr 23 10:47:27 PM EDT 2026
===================================================
Job ID:           33663
Username:         tuu61186
Job Name:         sar_2d_4
Resources List:   nodes=1:ppn=8:ntasks=1
Queue:            normal
Account:          default
Nodes:      c12
===================================================
End TASK Epilogue Thu Apr 23 10:47:27 PM EDT 2026
===================================================
